main.obj : error LNK2019: unresolved external symbol __imp__OutputDebugStringA@4 referenced in function "bool __cdecl InitD3D(void)" (?InitD3D@@YA_NXZ)
main.obj : error LNK2019: unresolved external symbol __imp__CloseHandle@4 referenced in function _WinMain@16
main.obj : error LNK2019: unresolved external symbol __imp__HeapAlloc@12 referenced in function "unsigned __int64 __cdecl UpdateSubresources(struct ID3D12GraphicsCommandList *,struct ID3D12Resource *,struct ID3D12Resource *,unsigned __int64,unsigned int,unsigned int,struct D3D12_SUBRESOURCE_DATA *)" (?UpdateSubresources@@YA_KPAUID3D12GraphicsCommandList@@PAUID3D12Resource@@1_KIIPAUD3D12_SUBRESOURCE_DATA@@@Z)
MSVCRTD.lib(_pdblkup_.obj) : error LNK2001: unresolved external symbol __imp__HeapAlloc@12
main.obj : error LNK2019: unresolved external symbol __imp__HeapFree@12 referenced in function "unsigned __int64 __cdecl UpdateSubresources(struct ID3D12GraphicsCommandList *,struct ID3D12Resource *,struct ID3D12Resource *,unsigned __int64,unsigned int,unsigned int,struct D3D12_SUBRESOURCE_DATA *)" (?UpdateSubresources@@YA_KPAUID3D12GraphicsCommandList@@PAUID3D12Resource@@1_KIIPAUD3D12_SUBRESOURCE_DATA@@@Z)
MSVCRTD.lib(_pdblkup_.obj) : error LNK2001: unresolved external symbol __imp__HeapFree@12
main.obj : error LNK2019: unresolved external symbol __imp__GetProcessHeap@0 referenced in function "unsigned __int64 __cdecl UpdateSubresources(struct ID3D12GraphicsCommandList *,struct ID3D12Resource *,struct ID3D12Resource *,unsigned __int64,unsigned int,unsigned int,struct D3D12_SUBRESOURCE_DATA *)" (?UpdateSubresources@@YA_KPAUID3D12GraphicsCommandList@@PAUID3D12Resource@@1_KIIPAUD3D12_SUBRESOURCE_DATA@@@Z)
MSVCRTD.lib(_pdblkup_.obj) : error LNK2001: unresolved external symbol __imp__GetProcessHeap@0
main.obj : error LNK2019: unresolved external symbol __imp__WaitForSingleObject@8 referenced in function "void __cdecl WaitForPreviousFrame(void)" (?WaitForPreviousFrame@@YAXXZ)
main.obj : error LNK2019: unresolved external symbol __imp__CreateEventA@16 referenced in function "bool __cdecl InitD3D(void)" (?InitD3D@@YA_NXZ)
main.obj : error LNK2019: unresolved external symbol __imp__TranslateMessage@4 referenced in function "void __cdecl mainloop(void)" (?mainloop@@YAXXZ)
main.obj : error LNK2019: unresolved external symbol __imp__DispatchMessageA@4 referenced in function "void __cdecl mainloop(void)" (?mainloop@@YAXXZ)
main.obj : error LNK2019: unresolved external symbol __imp__PeekMessageA@20 referenced in function "void __cdecl mainloop(void)" (?mainloop@@YAXXZ)
main.obj : error LNK2019: unresolved external symbol __imp__DefWindowProcA@16 referenced in function "long __stdcall WndProc(struct HWND__ *,unsigned int,unsigned int,long)" (?WndProc@@YGJPAUHWND__@@IIJ@Z)
main.obj : error LNK2019: unresolved external symbol __imp__PostQuitMessage@4 referenced in function "long __stdcall WndProc(struct HWND__ *,unsigned int,unsigned int,long)" (?WndProc@@YGJPAUHWND__@@IIJ@Z)
main.obj : error LNK2019: unresolved external symbol __imp__RegisterClassExA@4 referenced in function "bool __cdecl InitializeWindow(struct HINSTANCE__ *,int,bool)" (?InitializeWindow@@YA_NPAUHINSTANCE__@@H_N@Z)
main.obj : error LNK2019: unresolved external symbol __imp__CreateWindowExA@48 referenced in function "bool __cdecl InitializeWindow(struct HINSTANCE__ *,int,bool)" (?InitializeWindow@@YA_NPAUHINSTANCE__@@H_N@Z)
main.obj : error LNK2019: unresolved external symbol __imp__DestroyWindow@4 referenced in function "long __stdcall WndProc(struct HWND__ *,unsigned int,unsigned int,long)" (?WndProc@@YGJPAUHWND__@@IIJ@Z)
main.obj : error LNK2019: unresolved external symbol __imp__ShowWindow@8 referenced in function "bool __cdecl InitializeWindow(struct HINSTANCE__ *,int,bool)" (?InitializeWindow@@YA_NPAUHINSTANCE__@@H_N@Z)
main.obj : error LNK2019: unresolved external symbol __imp__UpdateWindow@4 referenced in function "bool __cdecl InitializeWindow(struct HINSTANCE__ *,int,bool)" (?InitializeWindow@@YA_NPAUHINSTANCE__@@H_N@Z)
main.obj : error LNK2019: unresolved external symbol __imp__MessageBoxA@16 referenced in function "bool __cdecl InitializeWindow(struct HINSTANCE__ *,int,bool)" (?InitializeWindow@@YA_NPAUHINSTANCE__@@H_N@Z)
main.obj : error LNK2019: unresolved external symbol __imp__SetWindowLongA@12 referenced in function "bool __cdecl InitializeWindow(struct HINSTANCE__ *,int,bool)" (?InitializeWindow@@YA_NPAUHINSTANCE__@@H_N@Z)
main.obj : error LNK2019: unresolved external symbol __imp__LoadCursorA@8 referenced in function "bool __cdecl InitializeWindow(struct HINSTANCE__ *,int,bool)" (?InitializeWindow@@YA_NPAUHINSTANCE__@@H_N@Z)
main.obj : error LNK2019: unresolved external symbol __imp__LoadIconA@8 referenced in function "bool __cdecl InitializeWindow(struct HINSTANCE__ *,int,bool)" (?InitializeWindow@@YA_NPAUHINSTANCE__@@H_N@Z)
main.obj : error LNK2019: unresolved external symbol __imp__MonitorFromWindow@8 referenced in function "bool __cdecl InitializeWindow(struct HINSTANCE__ *,int,bool)" (?InitializeWindow@@YA_NPAUHINSTANCE__@@H_N@Z)
main.obj : error LNK2019: unresolved external symbol __imp__GetMonitorInfoA@8 referenced in function "bool __cdecl InitializeWindow(struct HINSTANCE__ *,int,bool)" (?InitializeWindow@@YA_NPAUHINSTANCE__@@H_N@Z)
main.obj : error LNK2019: unresolved external symbol _D3D12SerializeRootSignature@16 referenced in function "bool __cdecl InitD3D(void)" (?InitD3D@@YA_NXZ)
main.obj : error LNK2019: unresolved external symbol _D3D12CreateDevice@16 referenced in function "bool __cdecl InitD3D(void)" (?InitD3D@@YA_NXZ)
main.obj : error LNK2019: unresolved external symbol _CreateDXGIFactory1@8 referenced in function "bool __cdecl InitD3D(void)" (?InitD3D@@YA_NXZ)
main.obj : error LNK2019: unresolved external symbol _D3DCompileFromFile@36 referenced in function "bool __cdecl InitD3D(void)" (?InitD3D@@YA_NXZ)
MSVCRTD.lib(_error_.obj) : error LNK2019: unresolved external symbol __imp__IsDebuggerPresent@0 referenced in function "void __cdecl failwithmessage(void *,int,int,char const *)" (?failwithmessage@@YAXPAXHHPBD@Z)
MSVCRTD.lib(utility_desktop.obj) : error LNK2001: unresolved external symbol __imp__IsDebuggerPresent@0
MSVCRTD.lib(_error_.obj) : error LNK2019: unresolved external symbol __imp__RaiseException@16 referenced in function "void __cdecl notify_debugger(struct tagEXCEPTION_VISUALCPP_DEBUG_INFO const &)" (?notify_debugger@@YAXABUtagEXCEPTION_VISUALCPP_DEBUG_INFO@@@Z)
MSVCRTD.lib(_error_.obj) : error LNK2019: unresolved external symbol __imp__MultiByteToWideChar@24 referenced in function "void __cdecl failwithmessage(void *,int,int,char const *)" (?failwithmessage@@YAXPAXHHPBD@Z)
MSVCRTD.lib(_error_.obj) : error LNK2019: unresolved external symbol __imp__WideCharToMultiByte@32 referenced in function "void __cdecl failwithmessage(void *,int,int,char const *)" (?failwithmessage@@YAXPAXHHPBD@Z)
MSVCRTD.lib(gs_report.obj) : error LNK2019: unresolved external symbol __imp__UnhandledExceptionFilter@4 referenced in function ___raise_securityfailure
MSVCRTD.lib(utility_desktop.obj) : error LNK2001: unresolved external symbol __imp__UnhandledExceptionFilter@4
MSVCRTD.lib(gs_report.obj) : error LNK2019: unresolved external symbol __imp__SetUnhandledExceptionFilter@4 referenced in function ___raise_securityfailure
MSVCRTD.lib(utility_desktop.obj) : error LNK2001: unresolved external symbol __imp__SetUnhandledExceptionFilter@4
MSVCRTD.lib(gs_report.obj) : error LNK2019: unresolved external symbol __imp__GetCurrentProcess@0 referenced in function ___raise_securityfailure
MSVCRTD.lib(gs_report.obj) : error LNK2019: unresolved external symbol __imp__TerminateProcess@8 referenced in function ___raise_securityfailure
MSVCRTD.lib(gs_report.obj) : error LNK2019: unresolved external symbol _IsProcessorFeaturePresent@4 referenced in function ___report_gsfailure
MSVCRTD.lib(utility_desktop.obj) : error LNK2001: unresolved external symbol _IsProcessorFeaturePresent@4
MSVCRTD.lib(_cpu_disp_.obj) : error LNK2001: unresolved external symbol _IsProcessorFeaturePresent@4
MSVCRTD.lib(gs_support.obj) : error LNK2019: unresolved external symbol __imp__QueryPerformanceCounter@4 referenced in function ___get_entropy
MSVCRTD.lib(gs_support.obj) : error LNK2019: unresolved external symbol __imp__GetCurrentProcessId@0 referenced in function ___get_entropy
MSVCRTD.lib(gs_support.obj) : error LNK2019: unresolved external symbol __imp__GetCurrentThreadId@0 referenced in function ___get_entropy
MSVCRTD.lib(gs_support.obj) : error LNK2019: unresolved external symbol __imp__GetSystemTimeAsFileTime@4 referenced in function ___get_entropy
MSVCRTD.lib(tncleanup.obj) : error LNK2019: unresolved external symbol __imp__InitializeSListHead@4 referenced in function "void __cdecl __scrt_initialize_type_info(void)" (?__scrt_initialize_type_info@@YAXXZ)
MSVCRTD.lib(utility_desktop.obj) : error LNK2019: unresolved external symbol __imp__GetStartupInfoW@4 referenced in function ___scrt_get_show_window_mode
MSVCRTD.lib(utility_desktop.obj) : error LNK2019: unresolved external symbol __imp__GetModuleHandleW@4 referenced in function ___scrt_is_managed_app
MSVCRTD.lib(_pdblkup_.obj) : error LNK2019: unresolved external symbol __imp__GetLastError@0 referenced in function "struct HINSTANCE__ * __cdecl GetPdbDll(void)" (?GetPdbDll@@YAPAUHINSTANCE__@@XZ)
MSVCRTD.lib(_pdblkup_.obj) : error LNK2019: unresolved external symbol __imp__VirtualQuery@12 referenced in function "int __cdecl _RTC_GetSrcLine(unsigned char *,wchar_t *,unsigned long,int *,wchar_t *,unsigned long)" (?_RTC_GetSrcLine@@YAHPAEPA_WKPAH1K@Z)
MSVCRTD.lib(_pdblkup_.obj) : error LNK2019: unresolved external symbol __imp__FreeLibrary@4 referenced in function "struct HINSTANCE__ * __cdecl GetPdbDllFromInstallPath(void)" (?GetPdbDllFromInstallPath@@YAPAUHINSTANCE__@@XZ)
MSVCRTD.lib(_pdblkup_.obj) : error LNK2019: unresolved external symbol __imp__GetProcAddress@8 referenced in function "struct HINSTANCE__ * __cdecl GetPdbDllFromInstallPath(void)" (?GetPdbDllFromInstallPath@@YAPAUHINSTANCE__@@XZ)
C:\Program Files (x86)\Windows Kits\10\Lib\10.0.16299.0\um\x64\d3d12.lib : warning LNK4272: library machine type 'x64' conflicts with target machine type 'x86'
C:\Program Files (x86)\Windows Kits\10\Lib\10.0.16299.0\um\x64\dxgi.lib : warning LNK4272: library machine type 'x64' conflicts with target machine type 'x86'
C:\Program Files (x86)\Windows Kits\10\Lib\10.0.16299.0\um\x64\kernel32.lib : warning LNK4272: library machine type 'x64' conflicts with target machine type 'x86'
C:\Program Files (x86)\Windows Kits\10\Lib\10.0.16299.0\um\x64\user32.lib : warning LNK4272: library machine type 'x64' conflicts with target machine type 'x86'
C:\Program Files (x86)\Windows Kits\10\Lib\10.0.16299.0\um\x64\gdi32.lib : warning LNK4272: library machine type 'x64' conflicts with target machine type 'x86'
C:\Program Files (x86)\Windows Kits\10\Lib\10.0.16299.0\um\x64\winspool.lib : warning LNK4272: library machine type 'x64' conflicts with target machine type 'x86'
C:\Program Files (x86)\Windows Kits\10\Lib\10.0.16299.0\um\x64\comdlg32.lib : warning LNK4272: library machine type 'x64' conflicts with target machine type 'x86'
C:\Program Files (x86)\Windows Kits\10\Lib\10.0.16299.0\um\x64\advapi32.lib : warning LNK4272: library machine type 'x64' conflicts with target machine type 'x86'
C:\Program Files (x86)\Windows Kits\10\Lib\10.0.16299.0\um\x64\shell32.lib : warning LNK4272: library machine type 'x64' conflicts with target machine type 'x86'
C:\Program Files (x86)\Windows Kits\10\Lib\10.0.16299.0\um\x64\ole32.lib : warning LNK4272: library machine type 'x64' conflicts with target machine type 'x86'
C:\Program Files (x86)\Windows Kits\10\Lib\10.0.16299.0\um\x64\oleaut32.lib : warning LNK4272: library machine type 'x64' conflicts with target machine type 'x86'
C:\Program Files (x86)\Windows Kits\10\Lib\10.0.16299.0\um\x64\uuid.lib : warning LNK4272: library machine type 'x64' conflicts with target machine type 'x86'
C:\Program Files (x86)\Windows Kits\10\Lib\10.0.16299.0\um\x64\odbc32.lib : warning LNK4272: library machine type 'x64' conflicts with target machine type 'x86'
C:\Program Files (x86)\Windows Kits\10\Lib\10.0.16299.0\um\x64\odbccp32.lib : warning LNK4272: library machine type 'x64' conflicts with target machine type 'x86'
C:\Users\dshirke\Source\Repos\DX12_VS17\Hello_Triangle\Hello_Triangle\Debug\Hello_Triangle.exe : fatal error LNK1120: 47 unresolved externals
